  AppTrackerService.cpp
D:\cdblcks\TimeSnitch\TimeSnitchService\AppSession.h(18,91): warning C4244: 'return': conversion from '_Rep' to 'int', possible loss of data
D:\cdblcks\TimeSnitch\TimeSnitchService\AppSession.h(18,91): warning C4244:         with
D:\cdblcks\TimeSnitch\TimeSnitchService\AppSession.h(18,91): warning C4244:         [
D:\cdblcks\TimeSnitch\TimeSnitchService\AppSession.h(18,91): warning C4244:             _Rep=__int64
D:\cdblcks\TimeSnitch\TimeSnitchService\AppSession.h(18,91): warning C4244:         ]
  (compiling source file 'AppTrackerService.cpp')
  
  InputMonitor.cpp
  main.cpp
D:\cdblcks\TimeSnitch\TimeSnitchService\AppSession.h(18,91): warning C4244: 'return': conversion from '_Rep' to 'int', possible loss of data
D:\cdblcks\TimeSnitch\TimeSnitchService\AppSession.h(18,91): warning C4244:         with
D:\cdblcks\TimeSnitch\TimeSnitchService\AppSession.h(18,91): warning C4244:         [
D:\cdblcks\TimeSnitch\TimeSnitchService\AppSession.h(18,91): warning C4244:             _Rep=__int64
D:\cdblcks\TimeSnitch\TimeSnitchService\AppSession.h(18,91): warning C4244:         ]
  (compiling source file 'main.cpp')
  
  SQLiteDatabaseManager.cpp
D:\cdblcks\TimeSnitch\TimeSnitchService\AppSession.h(18,91): warning C4244: 'return': conversion from '_Rep' to 'int', possible loss of data
D:\cdblcks\TimeSnitch\TimeSnitchService\AppSession.h(18,91): warning C4244:         with
D:\cdblcks\TimeSnitch\TimeSnitchService\AppSession.h(18,91): warning C4244:         [
D:\cdblcks\TimeSnitch\TimeSnitchService\AppSession.h(18,91): warning C4244:             _Rep=__int64
D:\cdblcks\TimeSnitch\TimeSnitchService\AppSession.h(18,91): warning C4244:         ]
  (compiling source file 'SQLiteDatabaseManager.cpp')
  
D:\cdblcks\TimeSnitch\TimeSnitchService\SQLiteDatabaseManager.cpp(2,10): error C1083: Cannot open include file: 'sqlite3.h': No such file or directory
  WindowContextManager.cpp
  Generating Code...
